Arguments: 
  /Users/jaylee/.nvm/versions/node/v10.15.0/bin/node /usr/local/Cellar/yarn/1.15.2/libexec/bin/yarn.js publish

PATH: 
  /Users/jaylee/.nvm/versions/node/v10.15.0/bin:/usr/local/bin:/usr/bin:/bin:/usr/sbin:/sbin:/opt/X11/bin:/Users/jaylee/.nvm/versions/node/v10.15.0/bin:/Users/jaylee/Dev/Project/SDK/flutter/bin:/Users/jaylee/Dev/Project/SDK/flutter/bin

Yarn version: 
  1.15.2

Node version: 
  10.15.0

Platform: 
  darwin x64

Trace: 
  Error: canceled
      at Interface.<anonymous> (/usr/local/Cellar/yarn/1.15.2/libexec/lib/cli.js:125801:13)
      at Interface.emit (events.js:182:13)
      at Interface._ttyWrite (readline.js:783:16)
      at ReadStream.onkeypress (readline.js:168:10)
      at ReadStream.emit (events.js:182:13)
      at emitKeys (internal/readline.js:424:14)
      at emitKeys.next (<anonymous>)
      at ReadStream.onData (readline.js:1022:36)
      at ReadStream.emit (events.js:182:13)
      at addChunk (_stream_readable.js:283:12)

npm manifest: 
  {
    "name": "generator-things-factory",
    "version": "1.0.0",
    "description": "",
    "homepage": "",
    "author": {
      "name": "hatiolab",
      "email": "heartyoh@hatiolab.com",
      "url": ""
    },
    "files": [
      "generators"
    ],
    "main": "index.js",
    "keywords": [
      "",
      "yeoman-generator"
    ],
    "devDependencies": {
      "yeoman-test": "^1.7.0",
      "yeoman-assert": "^3.1.0",
      "eslint": "^5.9.0",
      "prettier": "^1.15.2",
      "husky": "^1.2.0",
      "lint-staged": "^8.1.0",
      "eslint-config-prettier": "^3.3.0",
      "eslint-plugin-prettier": "^3.0.0",
      "eslint-config-xo": "^0.25.0",
      "jest": "^23.5.0"
    },
    "engines": {
      "npm": ">= 4.0.0"
    },
    "license": "MIT",
    "dependencies": {
      "yeoman-generator": "^2.0.1",
      "chalk": "^2.1.0",
      "yosay": "^2.0.1"
    },
    "jest": {
      "testEnvironment": "node"
    },
    "lint-staged": {
      "*.js": [
        "eslint --fix",
        "git add"
      ],
      "*.json": [
        "prettier --write",
        "git add"
      ]
    },
    "eslintConfig": {
      "extends": [
        "xo",
        "prettier"
      ],
      "env": {
        "jest": true,
        "node": true
      },
      "rules": {
        "prettier/prettier": "error"
      },
      "plugins": [
        "prettier"
      ]
    },
    "scripts": {
      "pretest": "eslint .",
      "test": "jest"
    },
    "repository": "heartyoh/generator-things-factory"
  }

yarn manifest: 
  No manifest

Lockfile: 
  No lockfile
